2018-06-14 09:44:03.178  INFO 9252 --- [main] c.e.s.SpringbootdemoApplication          : Starting SpringbootdemoApplication on DESKTOP-KUH1QM4 with PID 9252 (E:\zhaomeinan20180604\idewokspace\springbootdemo\target\classes started by jishu06 in E:\zhaomeinan20180604\idewokspace\springbootdemo)
2018-06-14 09:44:03.181 DEBUG 9252 --- [main] c.e.s.SpringbootdemoApplication          : Running with Spring Boot v1.5.2.RELEASE, Spring v4.3.7.RELEASE
2018-06-14 09:44:03.181  INFO 9252 --- [main] c.e.s.SpringbootdemoApplication          : No active profile set, falling back to default profiles: default
2018-06-14 09:44:03.239  INFO 9252 --- [main] ationConfigEmbeddedWebApplicationContext : Refreshing org.springframework.boot.context.embedded.AnnotationConfigEmbeddedWebApplicationContext@471a9022: startup date [Thu Jun 14 09:44:03 CST 2018]; root of context hierarchy
2018-06-14 09:44:04.156  INFO 9252 --- [main] s.b.c.e.t.TomcatEmbeddedServletContainer : Tomcat initialized with port(s): 8080 (http)
2018-06-14 09:44:04.164  INFO 9252 --- [main] o.apache.catalina.core.StandardService   : Starting service Tomcat
2018-06-14 09:44:04.165  INFO 9252 --- [main] org.apache.catalina.core.StandardEngine  : Starting Servlet Engine: Apache Tomcat/8.5.11
2018-06-14 09:44:04.236  INFO 9252 --- [localhost-startStop-1] o.a.c.c.C.[Tomcat].[localhost].[/]       : Initializing Spring embedded WebApplicationContext
2018-06-14 09:44:04.237  INFO 9252 --- [localhost-startStop-1] o.s.web.context.ContextLoader            : Root WebApplicationContext: initialization completed in 1002 ms
2018-06-14 09:44:04.382  INFO 9252 --- [localhost-startStop-1] o.s.b.w.servlet.ServletRegistrationBean  : Mapping servlet: 'dispatcherServlet' to [/]
2018-06-14 09:44:04.386  INFO 9252 --- [localhost-startStop-1] o.s.b.w.servlet.FilterRegistrationBean   : Mapping filter: 'characterEncodingFilter' to: [/*]
2018-06-14 09:44:04.386  INFO 9252 --- [localhost-startStop-1] o.s.b.w.servlet.FilterRegistrationBean   : Mapping filter: 'hiddenHttpMethodFilter' to: [/*]
2018-06-14 09:44:04.386  INFO 9252 --- [localhost-startStop-1] o.s.b.w.servlet.FilterRegistrationBean   : Mapping filter: 'httpPutFormContentFilter' to: [/*]
2018-06-14 09:44:04.386  INFO 9252 --- [localhost-startStop-1] o.s.b.w.servlet.FilterRegistrationBean   : Mapping filter: 'requestContextFilter' to: [/*]
2018-06-14 09:44:04.619  INFO 9252 --- [main] s.w.s.m.m.a.RequestMappingHandlerAdapter : Looking for @ControllerAdvice: org.springframework.boot.context.embedded.AnnotationConfigEmbeddedWebApplicationContext@471a9022: startup date [Thu Jun 14 09:44:03 CST 2018]; root of context hierarchy
2018-06-14 09:44:04.659  INFO 9252 --- [main] s.w.s.m.m.a.RequestMappingHandlerMapping : Mapped "{[/hello]}" onto public java.lang.String com.example.springbootdemo.HelloController.hello()
2018-06-14 09:44:04.664  INFO 9252 --- [main] s.w.s.m.m.a.RequestMappingHandlerMapping : Mapped "{[/error]}" onto public org.springframework.http.ResponseEntity<java.util.Map<java.lang.String, java.lang.Object>> org.springframework.boot.autoconfigure.web.BasicErrorController.error(javax.servlet.http.HttpServletRequest)
2018-06-14 09:44:04.664  INFO 9252 --- [main] s.w.s.m.m.a.RequestMappingHandlerMapping : Mapped "{[/error],produces=[text/html]}" onto public org.springframework.web.servlet.ModelAndView org.springframework.boot.autoconfigure.web.BasicErrorController.errorHtml(javax.servlet.http.HttpServletRequest,javax.servlet.http.HttpServletResponse)
2018-06-14 09:44:04.691  INFO 9252 --- [main] o.s.w.s.handler.SimpleUrlHandlerMapping  : Mapped URL path [/webjars/**] onto handler of type [class org.springframework.web.servlet.resource.ResourceHttpRequestHandler]
2018-06-14 09:44:04.691  INFO 9252 --- [main] o.s.w.s.handler.SimpleUrlHandlerMapping  : Mapped URL path [/**] onto handler of type [class org.springframework.web.servlet.resource.ResourceHttpRequestHandler]
2018-06-14 09:44:04.719  INFO 9252 --- [main] o.s.w.s.handler.SimpleUrlHandlerMapping  : Mapped URL path [/**/favicon.ico] onto handler of type [class org.springframework.web.servlet.resource.ResourceHttpRequestHandler]
2018-06-14 09:44:04.873  INFO 9252 --- [main] o.s.j.e.a.AnnotationMBeanExporter        : Registering beans for JMX exposure on startup
2018-06-14 09:44:04.909  INFO 9252 --- [main] s.b.c.e.t.TomcatEmbeddedServletContainer : Tomcat started on port(s): 8080 (http)
2018-06-14 09:44:04.913  INFO 9252 --- [main] c.e.s.SpringbootdemoApplication          : Started SpringbootdemoApplication in 2.01 seconds (JVM running for 2.585)
2018-06-14 09:44:46.144  INFO 9252 --- [http-nio-8080-exec-1] o.a.c.c.C.[Tomcat].[localhost].[/]       : Initializing Spring FrameworkServlet 'dispatcherServlet'
2018-06-14 09:44:46.144  INFO 9252 --- [http-nio-8080-exec-1] o.s.web.servlet.DispatcherServlet        : FrameworkServlet 'dispatcherServlet': initialization started
2018-06-14 09:44:46.160  INFO 9252 --- [http-nio-8080-exec-1] o.s.web.servlet.DispatcherServlet        : FrameworkServlet 'dispatcherServlet': initialization completed in 16 ms
2018-06-14 09:44:46.177 DEBUG 9252 --- [http-nio-8080-exec-1] c.e.springbootdemo.HelloController       : I am debug log.
2018-06-14 09:44:46.177  INFO 9252 --- [http-nio-8080-exec-1] c.e.springbootdemo.HelloController       : I am info log.
2018-06-14 09:44:46.177  WARN 9252 --- [http-nio-8080-exec-1] c.e.springbootdemo.HelloController       : I am warn log.
2018-06-14 09:44:46.177 ERROR 9252 --- [http-nio-8080-exec-1] c.e.springbootdemo.HelloController       : I am error log.
2018-06-14 09:46:50.051  INFO 4068 --- [main] c.e.s.SpringbootdemoApplication          : Starting SpringbootdemoApplication on DESKTOP-KUH1QM4 with PID 4068 (E:\zhaomeinan20180604\idewokspace\springbootdemo\target\classes started by jishu06 in E:\zhaomeinan20180604\idewokspace\springbootdemo)
2018-06-14 09:46:50.057  INFO 4068 --- [main] c.e.s.SpringbootdemoApplication          : No active profile set, falling back to default profiles: default
2018-06-14 09:46:50.100  INFO 4068 --- [main] ationConfigEmbeddedWebApplicationContext : Refreshing org.springframework.boot.context.embedded.AnnotationConfigEmbeddedWebApplicationContext@3cfdd820: startup date [Thu Jun 14 09:46:50 CST 2018]; root of context hierarchy
2018-06-14 09:46:50.950  INFO 4068 --- [main] s.b.c.e.t.TomcatEmbeddedServletContainer : Tomcat initialized with port(s): 8080 (http)
2018-06-14 09:46:50.956  INFO 4068 --- [main] o.apache.catalina.core.StandardService   : Starting service Tomcat
2018-06-14 09:46:50.957  INFO 4068 --- [main] org.apache.catalina.core.StandardEngine  : Starting Servlet Engine: Apache Tomcat/8.5.11
2018-06-14 09:46:51.014  INFO 4068 --- [localhost-startStop-1] o.a.c.c.C.[Tomcat].[localhost].[/]       : Initializing Spring embedded WebApplicationContext
2018-06-14 09:46:51.015  INFO 4068 --- [localhost-startStop-1] o.s.web.context.ContextLoader            : Root WebApplicationContext: initialization completed in 918 ms
2018-06-14 09:46:51.115  INFO 4068 --- [localhost-startStop-1] o.s.b.w.servlet.ServletRegistrationBean  : Mapping servlet: 'dispatcherServlet' to [/]
2018-06-14 09:46:51.118  INFO 4068 --- [localhost-startStop-1] o.s.b.w.servlet.FilterRegistrationBean   : Mapping filter: 'characterEncodingFilter' to: [/*]
2018-06-14 09:46:51.119  INFO 4068 --- [localhost-startStop-1] o.s.b.w.servlet.FilterRegistrationBean   : Mapping filter: 'hiddenHttpMethodFilter' to: [/*]
2018-06-14 09:46:51.119  INFO 4068 --- [localhost-startStop-1] o.s.b.w.servlet.FilterRegistrationBean   : Mapping filter: 'httpPutFormContentFilter' to: [/*]
2018-06-14 09:46:51.119  INFO 4068 --- [localhost-startStop-1] o.s.b.w.servlet.FilterRegistrationBean   : Mapping filter: 'requestContextFilter' to: [/*]
2018-06-14 09:46:51.327  INFO 4068 --- [main] s.w.s.m.m.a.RequestMappingHandlerAdapter : Looking for @ControllerAdvice: org.springframework.boot.context.embedded.AnnotationConfigEmbeddedWebApplicationContext@3cfdd820: startup date [Thu Jun 14 09:46:50 CST 2018]; root of context hierarchy
2018-06-14 09:46:51.365  INFO 4068 --- [main] s.w.s.m.m.a.RequestMappingHandlerMapping : Mapped "{[/hello]}" onto public java.lang.String com.example.springbootdemo.HelloController.hello()
2018-06-14 09:46:51.368  INFO 4068 --- [main] s.w.s.m.m.a.RequestMappingHandlerMapping : Mapped "{[/error]}" onto public org.springframework.http.ResponseEntity<java.util.Map<java.lang.String, java.lang.Object>> org.springframework.boot.autoconfigure.web.BasicErrorController.error(javax.servlet.http.HttpServletRequest)
2018-06-14 09:46:51.368  INFO 4068 --- [main] s.w.s.m.m.a.RequestMappingHandlerMapping : Mapped "{[/error],produces=[text/html]}" onto public org.springframework.web.servlet.ModelAndView org.springframework.boot.autoconfigure.web.BasicErrorController.errorHtml(javax.servlet.http.HttpServletRequest,javax.servlet.http.HttpServletResponse)
2018-06-14 09:46:51.392  INFO 4068 --- [main] o.s.w.s.handler.SimpleUrlHandlerMapping  : Mapped URL path [/webjars/**] onto handler of type [class org.springframework.web.servlet.resource.ResourceHttpRequestHandler]
2018-06-14 09:46:51.392  INFO 4068 --- [main] o.s.w.s.handler.SimpleUrlHandlerMapping  : Mapped URL path [/**] onto handler of type [class org.springframework.web.servlet.resource.ResourceHttpRequestHandler]
2018-06-14 09:46:51.419  INFO 4068 --- [main] o.s.w.s.handler.SimpleUrlHandlerMapping  : Mapped URL path [/**/favicon.ico] onto handler of type [class org.springframework.web.servlet.resource.ResourceHttpRequestHandler]
2018-06-14 09:46:51.579  INFO 4068 --- [main] o.s.j.e.a.AnnotationMBeanExporter        : Registering beans for JMX exposure on startup
2018-06-14 09:46:51.637  INFO 4068 --- [main] s.b.c.e.t.TomcatEmbeddedServletContainer : Tomcat started on port(s): 8080 (http)
2018-06-14 09:46:51.640  INFO 4068 --- [main] c.e.s.SpringbootdemoApplication          : Started SpringbootdemoApplication in 1.902 seconds (JVM running for 2.495)
2018-06-14 09:49:23.742  INFO 4068 --- [http-nio-8080-exec-1] o.a.c.c.C.[Tomcat].[localhost].[/]       : Initializing Spring FrameworkServlet 'dispatcherServlet'
2018-06-14 09:49:23.742  INFO 4068 --- [http-nio-8080-exec-1] o.s.web.servlet.DispatcherServlet        : FrameworkServlet 'dispatcherServlet': initialization started
2018-06-14 09:49:23.758  INFO 4068 --- [http-nio-8080-exec-1] o.s.web.servlet.DispatcherServlet        : FrameworkServlet 'dispatcherServlet': initialization completed in 16 ms
2018-06-14 09:49:23.776  INFO 4068 --- [http-nio-8080-exec-1] c.e.springbootdemo.HelloController       : I am info log.
2018-06-14 09:49:23.776  WARN 4068 --- [http-nio-8080-exec-1] c.e.springbootdemo.HelloController       : I am warn log.
2018-06-14 09:49:23.776 ERROR 4068 --- [http-nio-8080-exec-1] c.e.springbootdemo.HelloController       : I am error log.
