2018-06-14 10:45:00,815 [main] INFO  c.e.s.SpringbootdemoApplication 48 - Starting SpringbootdemoApplication on DESKTOP-KUH1QM4 with PID 2196 (E:\zhaomeinan20180604\idewokspace\springbootdemo\target\classes started by jishu06 in E:\zhaomeinan20180604\idewokspace\springbootdemo)
2018-06-14 10:45:00,817 [main] INFO  c.e.s.SpringbootdemoApplication 637 - No active profile set, falling back to default profiles: default
2018-06-14 10:45:00,861 [main] INFO  o.s.b.c.e.AnnotationConfigEmbeddedWebApplicationContext 582 - Refreshing org.springframework.boot.context.embedded.AnnotationConfigEmbeddedWebApplicationContext@4d518b32: startup date [Thu Jun 14 10:45:00 CST 2018]; root of context hierarchy
2018-06-14 10:45:00,997 [background-preinit] INFO  o.h.validator.internal.util.Version 30 - HV000001: Hibernate Validator 5.3.4.Final
2018-06-14 10:45:01,604 [main] INFO  o.s.b.c.e.t.TomcatEmbeddedServletContainer 89 - Tomcat initialized with port(s): 8080 (http)
2018-06-14 10:45:01,610 [main] INFO  o.a.catalina.core.StandardService 179 - Starting service Tomcat
2018-06-14 10:45:01,611 [main] INFO  o.a.catalina.core.StandardEngine 179 - Starting Servlet Engine: Apache Tomcat/8.5.11
2018-06-14 10:45:01,674 [localhost-startStop-1] INFO  o.a.c.c.C.[Tomcat].[localhost].[/] 179 - Initializing Spring embedded WebApplicationContext
2018-06-14 10:45:01,674 [localhost-startStop-1] INFO  o.s.web.context.ContextLoader 276 - Root WebApplicationContext: initialization completed in 813 ms
2018-06-14 10:45:01,778 [localhost-startStop-1] INFO  o.s.b.w.s.ServletRegistrationBean 190 - Mapping servlet: 'dispatcherServlet' to [/]
2018-06-14 10:45:01,781 [localhost-startStop-1] INFO  o.s.b.w.s.FilterRegistrationBean 258 - Mapping filter: 'characterEncodingFilter' to: [/*]
2018-06-14 10:45:01,782 [localhost-startStop-1] INFO  o.s.b.w.s.FilterRegistrationBean 258 - Mapping filter: 'hiddenHttpMethodFilter' to: [/*]
2018-06-14 10:45:01,782 [localhost-startStop-1] INFO  o.s.b.w.s.FilterRegistrationBean 258 - Mapping filter: 'httpPutFormContentFilter' to: [/*]
2018-06-14 10:45:01,782 [localhost-startStop-1] INFO  o.s.b.w.s.FilterRegistrationBean 258 - Mapping filter: 'requestContextFilter' to: [/*]
2018-06-14 10:45:01,976 [main] INFO  o.s.w.s.m.m.a.RequestMappingHandlerAdapter 534 - Looking for @ControllerAdvice: org.springframework.boot.context.embedded.AnnotationConfigEmbeddedWebApplicationContext@4d518b32: startup date [Thu Jun 14 10:45:00 CST 2018]; root of context hierarchy
2018-06-14 10:45:02,014 [main] INFO  o.s.w.s.m.m.a.RequestMappingHandlerMapping 543 - Mapped "{[/hello]}" onto public java.lang.String com.example.springbootdemo.HelloController.hello()
2018-06-14 10:45:02,017 [main] INFO  o.s.w.s.m.m.a.RequestMappingHandlerMapping 543 - Mapped "{[/error]}" onto public org.springframework.http.ResponseEntity<java.util.Map<java.lang.String, java.lang.Object>> org.springframework.boot.autoconfigure.web.BasicErrorController.error(javax.servlet.http.HttpServletRequest)
2018-06-14 10:45:02,018 [main] INFO  o.s.w.s.m.m.a.RequestMappingHandlerMapping 543 - Mapped "{[/error],produces=[text/html]}" onto public org.springframework.web.servlet.ModelAndView org.springframework.boot.autoconfigure.web.BasicErrorController.errorHtml(javax.servlet.http.HttpServletRequest,javax.servlet.http.HttpServletResponse)
2018-06-14 10:45:02,041 [main] INFO  o.s.w.s.h.SimpleUrlHandlerMapping 362 - Mapped URL path [/webjars/**] onto handler of type [class org.springframework.web.servlet.resource.ResourceHttpRequestHandler]
2018-06-14 10:45:02,042 [main] INFO  o.s.w.s.h.SimpleUrlHandlerMapping 362 - Mapped URL path [/**] onto handler of type [class org.springframework.web.servlet.resource.ResourceHttpRequestHandler]
2018-06-14 10:45:02,068 [main] INFO  o.s.w.s.h.SimpleUrlHandlerMapping 362 - Mapped URL path [/**/favicon.ico] onto handler of type [class org.springframework.web.servlet.resource.ResourceHttpRequestHandler]
2018-06-14 10:45:02,217 [main] INFO  o.s.j.e.a.AnnotationMBeanExporter 431 - Registering beans for JMX exposure on startup
2018-06-14 10:45:02,227 [main] INFO  o.a.coyote.http11.Http11NioProtocol 179 - Initializing ProtocolHandler ["http-nio-8080"]
2018-06-14 10:45:02,233 [main] INFO  o.a.coyote.http11.Http11NioProtocol 179 - Starting ProtocolHandler [http-nio-8080]
2018-06-14 10:45:02,241 [main] INFO  o.a.tomcat.util.net.NioSelectorPool 179 - Using a shared selector for servlet write/read
2018-06-14 10:45:02,252 [main] INFO  o.s.b.c.e.t.TomcatEmbeddedServletContainer 198 - Tomcat started on port(s): 8080 (http)
2018-06-14 10:45:02,255 [main] INFO  c.e.s.SpringbootdemoApplication 57 - Started SpringbootdemoApplication in 1.879 seconds (JVM running for 2.466)
2018-06-14 10:46:07,506 [http-nio-8080-exec-1] INFO  o.a.c.c.C.[Tomcat].[localhost].[/] 179 - Initializing Spring FrameworkServlet 'dispatcherServlet'
2018-06-14 10:46:07,506 [http-nio-8080-exec-1] INFO  o.s.web.servlet.DispatcherServlet 489 - FrameworkServlet 'dispatcherServlet': initialization started
2018-06-14 10:46:07,521 [http-nio-8080-exec-1] INFO  o.s.web.servlet.DispatcherServlet 508 - FrameworkServlet 'dispatcherServlet': initialization completed in 15 ms
2018-06-14 10:46:07,538 [http-nio-8080-exec-1] INFO  c.e.springbootdemo.HelloController 18 - I am info log.汉字
2018-06-14 10:46:07,538 [http-nio-8080-exec-1] WARN  c.e.springbootdemo.HelloController 19 - I am warn log.汉字
