2018-06-14 13:46:21,201 [main] INFO  o.s.b.c.e.AnnotationConfigEmbeddedWebApplicationContext 582 - Refreshing org.springframework.boot.context.embedded.AnnotationConfigEmbeddedWebApplicationContext@797b0699: startup date [Thu Jun 14 13:46:21 CST 2018]; root of context hierarchy
2018-06-14 13:46:21,328 [background-preinit] INFO  o.h.validator.internal.util.Version 30 - HV000001: Hibernate Validator 5.3.4.Final
2018-06-14 13:46:21,920 [main] INFO  o.s.b.c.e.t.TomcatEmbeddedServletContainer 89 - Tomcat initialized with port(s): 8080 (http)
2018-06-14 13:46:21,927 [main] INFO  o.a.catalina.core.StandardService 179 - Starting service Tomcat
2018-06-14 13:46:21,929 [main] INFO  o.a.catalina.core.StandardEngine 179 - Starting Servlet Engine: Apache Tomcat/8.5.11
2018-06-14 13:46:21,987 [localhost-startStop-1] INFO  o.a.c.c.C.[Tomcat].[localhost].[/] 179 - Initializing Spring embedded WebApplicationContext
2018-06-14 13:46:21,987 [localhost-startStop-1] INFO  o.s.web.context.ContextLoader 276 - Root WebApplicationContext: initialization completed in 787 ms
2018-06-14 13:46:22,114 [localhost-startStop-1] INFO  o.s.b.w.s.ServletRegistrationBean 190 - Mapping servlet: 'dispatcherServlet' to [/]
2018-06-14 13:46:22,118 [localhost-startStop-1] INFO  o.s.b.w.s.FilterRegistrationBean 258 - Mapping filter: 'characterEncodingFilter' to: [/*]
2018-06-14 13:46:22,119 [localhost-startStop-1] INFO  o.s.b.w.s.FilterRegistrationBean 258 - Mapping filter: 'hiddenHttpMethodFilter' to: [/*]
2018-06-14 13:46:22,119 [localhost-startStop-1] INFO  o.s.b.w.s.FilterRegistrationBean 258 - Mapping filter: 'httpPutFormContentFilter' to: [/*]
2018-06-14 13:46:22,119 [localhost-startStop-1] INFO  o.s.b.w.s.FilterRegistrationBean 258 - Mapping filter: 'requestContextFilter' to: [/*]
2018-06-14 13:46:22,329 [main] INFO  o.s.w.s.m.m.a.RequestMappingHandlerAdapter 534 - Looking for @ControllerAdvice: org.springframework.boot.context.embedded.AnnotationConfigEmbeddedWebApplicationContext@797b0699: startup date [Thu Jun 14 13:46:21 CST 2018]; root of context hierarchy
2018-06-14 13:46:22,369 [main] INFO  o.s.w.s.m.m.a.RequestMappingHandlerMapping 543 - Mapped "{[/hello]}" onto public java.lang.String com.example.springbootdemo.HelloController.hello()
2018-06-14 13:46:22,372 [main] INFO  o.s.w.s.m.m.a.RequestMappingHandlerMapping 543 - Mapped "{[/error]}" onto public org.springframework.http.ResponseEntity<java.util.Map<java.lang.String, java.lang.Object>> org.springframework.boot.autoconfigure.web.BasicErrorController.error(javax.servlet.http.HttpServletRequest)
2018-06-14 13:46:22,372 [main] INFO  o.s.w.s.m.m.a.RequestMappingHandlerMapping 543 - Mapped "{[/error],produces=[text/html]}" onto public org.springframework.web.servlet.ModelAndView org.springframework.boot.autoconfigure.web.BasicErrorController.errorHtml(javax.servlet.http.HttpServletRequest,javax.servlet.http.HttpServletResponse)
2018-06-14 13:46:22,393 [main] INFO  o.s.w.s.h.SimpleUrlHandlerMapping 362 - Mapped URL path [/webjars/**] onto handler of type [class org.springframework.web.servlet.resource.ResourceHttpRequestHandler]
2018-06-14 13:46:22,393 [main] INFO  o.s.w.s.h.SimpleUrlHandlerMapping 362 - Mapped URL path [/**] onto handler of type [class org.springframework.web.servlet.resource.ResourceHttpRequestHandler]
2018-06-14 13:46:22,420 [main] INFO  o.s.w.s.h.SimpleUrlHandlerMapping 362 - Mapped URL path [/**/favicon.ico] onto handler of type [class org.springframework.web.servlet.resource.ResourceHttpRequestHandler]
2018-06-14 13:46:22,572 [main] INFO  o.s.j.e.a.AnnotationMBeanExporter 431 - Registering beans for JMX exposure on startup
2018-06-14 13:46:22,582 [main] INFO  o.a.coyote.http11.Http11NioProtocol 179 - Initializing ProtocolHandler ["http-nio-8080"]
2018-06-14 13:46:22,588 [main] INFO  o.a.coyote.http11.Http11NioProtocol 179 - Starting ProtocolHandler [http-nio-8080]
2018-06-14 13:46:22,596 [main] INFO  o.a.tomcat.util.net.NioSelectorPool 179 - Using a shared selector for servlet write/read
2018-06-14 13:46:22,607 [main] INFO  o.s.b.c.e.t.TomcatEmbeddedServletContainer 198 - Tomcat started on port(s): 8080 (http)
2018-06-14 13:46:29,956 [http-nio-8080-exec-1] INFO  o.a.c.c.C.[Tomcat].[localhost].[/] 179 - Initializing Spring FrameworkServlet 'dispatcherServlet'
2018-06-14 13:46:29,956 [http-nio-8080-exec-1] INFO  o.s.web.servlet.DispatcherServlet 489 - FrameworkServlet 'dispatcherServlet': initialization started
2018-06-14 13:46:29,975 [http-nio-8080-exec-1] INFO  o.s.web.servlet.DispatcherServlet 508 - FrameworkServlet 'dispatcherServlet': initialization completed in 19 ms
