2018-06-15 11:06:21,136 [http-nio-8080-exec-1] DEBUG o.s.web.servlet.DispatcherServlet 118 - Initializing servlet 'dispatcherServlet'
2018-06-15 11:06:21,140 [http-nio-8080-exec-1] INFO  o.a.c.c.C.[Tomcat].[localhost].[/] 179 - Initializing Spring FrameworkServlet 'dispatcherServlet'
2018-06-15 11:06:21,140 [http-nio-8080-exec-1] INFO  o.s.web.servlet.DispatcherServlet 489 - FrameworkServlet 'dispatcherServlet': initialization started
2018-06-15 11:06:21,141 [http-nio-8080-exec-1] DEBUG o.s.b.f.s.DefaultListableBeanFactory 251 - Returning cached instance of singleton bean 'multipartResolver'
2018-06-15 11:06:21,141 [http-nio-8080-exec-1] DEBUG o.s.web.servlet.DispatcherServlet 504 - Using MultipartResolver [org.springframework.web.multipart.support.StandardServletMultipartResolver@63106373]
2018-06-15 11:06:21,142 [http-nio-8080-exec-1] DEBUG o.s.b.f.s.DefaultListableBeanFactory 449 - Creating instance of bean 'org.springframework.web.servlet.i18n.AcceptHeaderLocaleResolver'
2018-06-15 11:06:21,145 [http-nio-8080-exec-1] DEBUG o.s.b.f.s.DefaultListableBeanFactory 485 - Finished creating instance of bean 'org.springframework.web.servlet.i18n.AcceptHeaderLocaleResolver'
2018-06-15 11:06:21,145 [http-nio-8080-exec-1] DEBUG o.s.web.servlet.DispatcherServlet 533 - Unable to locate LocaleResolver with name 'localeResolver': using default [org.springframework.web.servlet.i18n.AcceptHeaderLocaleResolver@572622fe]
2018-06-15 11:06:21,145 [http-nio-8080-exec-1] DEBUG o.s.b.f.s.DefaultListableBeanFactory 449 - Creating instance of bean 'org.springframework.web.servlet.theme.FixedThemeResolver'
2018-06-15 11:06:21,149 [http-nio-8080-exec-1] DEBUG o.s.b.f.s.DefaultListableBeanFactory 485 - Finished creating instance of bean 'org.springframework.web.servlet.theme.FixedThemeResolver'
2018-06-15 11:06:21,149 [http-nio-8080-exec-1] DEBUG o.s.web.servlet.DispatcherServlet 555 - Unable to locate ThemeResolver with name 'themeResolver': using default [org.springframework.web.servlet.theme.FixedThemeResolver@bb8ff79]
2018-06-15 11:06:21,149 [http-nio-8080-exec-1] DEBUG o.s.b.f.s.DefaultListableBeanFactory 251 - Returning cached instance of singleton bean 'requestMappingHandlerMapping'
2018-06-15 11:06:21,149 [http-nio-8080-exec-1] DEBUG o.s.b.f.s.DefaultListableBeanFactory 251 - Returning cached instance of singleton bean 'viewControllerHandlerMapping'
2018-06-15 11:06:21,149 [http-nio-8080-exec-1] DEBUG o.s.b.f.s.DefaultListableBeanFactory 251 - Returning cached instance of singleton bean 'beanNameHandlerMapping'
2018-06-15 11:06:21,149 [http-nio-8080-exec-1] DEBUG o.s.b.f.s.DefaultListableBeanFactory 251 - Returning cached instance of singleton bean 'resourceHandlerMapping'
2018-06-15 11:06:21,149 [http-nio-8080-exec-1] DEBUG o.s.b.f.s.DefaultListableBeanFactory 251 - Returning cached instance of singleton bean 'defaultServletHandlerMapping'
2018-06-15 11:06:21,149 [http-nio-8080-exec-1] DEBUG o.s.b.f.s.DefaultListableBeanFactory 251 - Returning cached instance of singleton bean 'faviconHandlerMapping'
2018-06-15 11:06:21,149 [http-nio-8080-exec-1] DEBUG o.s.b.f.s.DefaultListableBeanFactory 251 - Returning cached instance of singleton bean 'welcomePageHandlerMapping'
2018-06-15 11:06:21,150 [http-nio-8080-exec-1] DEBUG o.s.b.f.s.DefaultListableBeanFactory 251 - Returning cached instance of singleton bean 'requestMappingHandlerAdapter'
2018-06-15 11:06:21,150 [http-nio-8080-exec-1] DEBUG o.s.b.f.s.DefaultListableBeanFactory 251 - Returning cached instance of singleton bean 'httpRequestHandlerAdapter'
2018-06-15 11:06:21,150 [http-nio-8080-exec-1] DEBUG o.s.b.f.s.DefaultListableBeanFactory 251 - Returning cached instance of singleton bean 'simpleControllerHandlerAdapter'
2018-06-15 11:06:21,150 [http-nio-8080-exec-1] DEBUG o.s.b.f.s.DefaultListableBeanFactory 251 - Returning cached instance of singleton bean 'errorAttributes'
2018-06-15 11:06:21,150 [http-nio-8080-exec-1] DEBUG o.s.b.f.s.DefaultListableBeanFactory 251 - Returning cached instance of singleton bean 'handlerExceptionResolver'
2018-06-15 11:06:21,151 [http-nio-8080-exec-1] DEBUG o.s.b.f.s.DefaultListableBeanFactory 449 - Creating instance of bean 'org.springframework.web.servlet.view.DefaultRequestToViewNameTranslator'
2018-06-15 11:06:21,154 [http-nio-8080-exec-1] DEBUG o.s.b.f.s.DefaultListableBeanFactory 485 - Finished creating instance of bean 'org.springframework.web.servlet.view.DefaultRequestToViewNameTranslator'
2018-06-15 11:06:21,155 [http-nio-8080-exec-1] DEBUG o.s.web.servlet.DispatcherServlet 692 - Unable to locate RequestToViewNameTranslator with name 'viewNameTranslator': using default [org.springframework.web.servlet.view.DefaultRequestToViewNameTranslator@52c57e65]
2018-06-15 11:06:21,155 [http-nio-8080-exec-1] DEBUG o.s.b.f.s.DefaultListableBeanFactory 251 - Returning cached instance of singleton bean 'beanNameViewResolver'
2018-06-15 11:06:21,155 [http-nio-8080-exec-1] DEBUG o.s.b.f.s.DefaultListableBeanFactory 251 - Returning cached instance of singleton bean 'mvcViewResolver'
2018-06-15 11:06:21,155 [http-nio-8080-exec-1] DEBUG o.s.b.f.s.DefaultListableBeanFactory 251 - Returning cached instance of singleton bean 'defaultViewResolver'
2018-06-15 11:06:21,155 [http-nio-8080-exec-1] DEBUG o.s.b.f.s.DefaultListableBeanFactory 251 - Returning cached instance of singleton bean 'viewResolver'
2018-06-15 11:06:21,156 [http-nio-8080-exec-1] DEBUG o.s.b.f.s.DefaultListableBeanFactory 449 - Creating instance of bean 'org.springframework.web.servlet.support.SessionFlashMapManager'
2018-06-15 11:06:21,159 [http-nio-8080-exec-1] DEBUG o.s.b.f.s.DefaultListableBeanFactory 485 - Finished creating instance of bean 'org.springframework.web.servlet.support.SessionFlashMapManager'
2018-06-15 11:06:21,160 [http-nio-8080-exec-1] DEBUG o.s.web.servlet.DispatcherServlet 753 - Unable to locate FlashMapManager with name 'flashMapManager': using default [org.springframework.web.servlet.support.SessionFlashMapManager@2c302d4f]
2018-06-15 11:06:21,160 [http-nio-8080-exec-1] DEBUG o.s.web.servlet.DispatcherServlet 568 - Published WebApplicationContext of servlet 'dispatcherServlet' as ServletContext attribute with name [org.springframework.web.servlet.FrameworkServlet.CONTEXT.dispatcherServlet]
2018-06-15 11:06:21,160 [http-nio-8080-exec-1] INFO  o.s.web.servlet.DispatcherServlet 508 - FrameworkServlet 'dispatcherServlet': initialization completed in 19 ms
2018-06-15 11:06:21,160 [http-nio-8080-exec-1] DEBUG o.s.web.servlet.DispatcherServlet 141 - Servlet 'dispatcherServlet' configured successfully
2018-06-15 11:06:21,167 [http-nio-8080-exec-1] DEBUG o.s.b.w.f.OrderedRequestContextFilter 114 - Bound request context to thread: org.apache.catalina.connector.RequestFacade@25a75a79
2018-06-15 11:06:21,168 [http-nio-8080-exec-1] DEBUG o.s.web.servlet.DispatcherServlet 865 - DispatcherServlet with name 'dispatcherServlet' processing GET request for [/hello]
2018-06-15 11:06:21,171 [http-nio-8080-exec-1] DEBUG o.s.w.s.m.m.a.RequestMappingHandlerMapping 310 - Looking up handler method for path /hello
2018-06-15 11:06:21,172 [http-nio-8080-exec-1] DEBUG o.s.w.s.m.m.a.RequestMappingHandlerMapping 317 - Returning handler method [public java.lang.String com.example.springbootdemo.HelloController.hello()]
2018-06-15 11:06:21,173 [http-nio-8080-exec-1] DEBUG o.s.b.f.s.DefaultListableBeanFactory 251 - Returning cached instance of singleton bean 'helloController'
2018-06-15 11:06:21,173 [http-nio-8080-exec-1] DEBUG o.s.web.servlet.DispatcherServlet 951 - Last-Modified value for [/hello] is: -1
2018-06-15 11:06:21,179 [http-nio-8080-exec-1] DEBUG c.e.springbootdemo.HelloController 17 - I am debug log.汉字
2018-06-15 11:06:21,179 [http-nio-8080-exec-1] INFO  c.e.springbootdemo.HelloController 18 - I am info log.汉字
2018-06-15 11:06:21,179 [http-nio-8080-exec-1] WARN  c.e.springbootdemo.HelloController 19 - I am warn log.汉字
2018-06-15 11:06:21,180 [http-nio-8080-exec-1] DEBUG o.s.w.s.m.m.a.ExceptionHandlerExceptionResolver 133 - Resolving exception from handler [public java.lang.String com.example.springbootdemo.HelloController.hello()]: java.lang.ArithmeticException: / by zero
2018-06-15 11:06:21,181 [http-nio-8080-exec-1] DEBUG o.s.w.s.m.a.ResponseStatusExceptionResolver 133 - Resolving exception from handler [public java.lang.String com.example.springbootdemo.HelloController.hello()]: java.lang.ArithmeticException: / by zero
2018-06-15 11:06:21,182 [http-nio-8080-exec-1] DEBUG o.s.w.s.m.s.DefaultHandlerExceptionResolver 133 - Resolving exception from handler [public java.lang.String com.example.springbootdemo.HelloController.hello()]: java.lang.ArithmeticException: / by zero
2018-06-15 11:06:21,187 [http-nio-8080-exec-1] DEBUG o.s.web.servlet.DispatcherServlet 993 - Could not complete request
java.lang.ArithmeticException: / by zero
	at com.example.springbootdemo.HelloController.hello(HelloController.java:22)
	at sun.reflect.NativeMethodAccessorImpl.invoke0(Native Method)
	at sun.reflect.NativeMethodAccessorImpl.invoke(NativeMethodAccessorImpl.java:62)
	at sun.reflect.DelegatingMethodAccessorImpl.invoke(DelegatingMethodAccessorImpl.java:43)
	at java.lang.reflect.Method.invoke(Method.java:498)
	at org.springframework.web.method.support.InvocableHandlerMethod.doInvoke(InvocableHandlerMethod.java:205)
	at org.springframework.web.method.support.InvocableHandlerMethod.invokeForRequest(InvocableHandlerMethod.java:133)
	at org.springframework.web.servlet.mvc.method.annotation.ServletInvocableHandlerMethod.invokeAndHandle(ServletInvocableHandlerMethod.java:116)
	at org.springframework.web.servlet.mvc.method.annotation.RequestMappingHandlerAdapter.invokeHandlerMethod(RequestMappingHandlerAdapter.java:827)
	at org.springframework.web.servlet.mvc.method.annotation.RequestMappingHandlerAdapter.handleInternal(RequestMappingHandlerAdapter.java:738)
	at org.springframework.web.servlet.mvc.method.AbstractHandlerMethodAdapter.handle(AbstractHandlerMethodAdapter.java:85)
	at org.springframework.web.servlet.DispatcherServlet.doDispatch(DispatcherServlet.java:963)
	at org.springframework.web.servlet.DispatcherServlet.doService(DispatcherServlet.java:897)
	at org.springframework.web.servlet.FrameworkServlet.processRequest(FrameworkServlet.java:970)
	at org.springframework.web.servlet.FrameworkServlet.doGet(FrameworkServlet.java:861)
	at javax.servlet.http.HttpServlet.service(HttpServlet.java:622)
	at org.springframework.web.servlet.FrameworkServlet.service(FrameworkServlet.java:846)
	at javax.servlet.http.HttpServlet.service(HttpServlet.java:729)
	at org.apache.catalina.core.ApplicationFilterChain.internalDoFilter(ApplicationFilterChain.java:230)
	at org.apache.catalina.core.ApplicationFilterChain.doFilter(ApplicationFilterChain.java:165)
	at org.apache.tomcat.websocket.server.WsFilter.doFilter(WsFilter.java:52)
	at org.apache.catalina.core.ApplicationFilterChain.internalDoFilter(ApplicationFilterChain.java:192)
	at org.apache.catalina.core.ApplicationFilterChain.doFilter(ApplicationFilterChain.java:165)
	at org.springframework.web.filter.RequestContextFilter.doFilterInternal(RequestContextFilter.java:99)
	at org.springframework.web.filter.OncePerRequestFilter.doFilter(OncePerRequestFilter.java:107)
	at org.apache.catalina.core.ApplicationFilterChain.internalDoFilter(ApplicationFilterChain.java:192)
	at org.apache.catalina.core.ApplicationFilterChain.doFilter(ApplicationFilterChain.java:165)
	at org.springframework.web.filter.HttpPutFormContentFilter.doFilterInternal(HttpPutFormContentFilter.java:105)
	at org.springframework.web.filter.OncePerRequestFilter.doFilter(OncePerRequestFilter.java:107)
	at org.apache.catalina.core.ApplicationFilterChain.internalDoFilter(ApplicationFilterChain.java:192)
	at org.apache.catalina.core.ApplicationFilterChain.doFilter(ApplicationFilterChain.java:165)
	at org.springframework.web.filter.HiddenHttpMethodFilter.doFilterInternal(HiddenHttpMethodFilter.java:81)
	at org.springframework.web.filter.OncePerRequestFilter.doFilter(OncePerRequestFilter.java:107)
	at org.apache.catalina.core.ApplicationFilterChain.internalDoFilter(ApplicationFilterChain.java:192)
	at org.apache.catalina.core.ApplicationFilterChain.doFilter(ApplicationFilterChain.java:165)
	at org.springframework.web.filter.CharacterEncodingFilter.doFilterInternal(CharacterEncodingFilter.java:197)
	at org.springframework.web.filter.OncePerRequestFilter.doFilter(OncePerRequestFilter.java:107)
	at org.apache.catalina.core.ApplicationFilterChain.internalDoFilter(ApplicationFilterChain.java:192)
	at org.apache.catalina.core.ApplicationFilterChain.doFilter(ApplicationFilterChain.java:165)
	at org.apache.catalina.core.StandardWrapperValve.invoke(StandardWrapperValve.java:198)
	at org.apache.catalina.core.StandardContextValve.invoke(StandardContextValve.java:96)
	at org.apache.catalina.authenticator.AuthenticatorBase.invoke(AuthenticatorBase.java:474)
	at org.apache.catalina.core.StandardHostValve.invoke(StandardHostValve.java:140)
	at org.apache.catalina.valves.ErrorReportValve.invoke(ErrorReportValve.java:79)
	at org.apache.catalina.core.StandardEngineValve.invoke(StandardEngineValve.java:87)
	at org.apache.catalina.connector.CoyoteAdapter.service(CoyoteAdapter.java:349)
	at org.apache.coyote.http11.Http11Processor.service(Http11Processor.java:783)
	at org.apache.coyote.AbstractProcessorLight.process(AbstractProcessorLight.java:66)
	at org.apache.coyote.AbstractProtocol$ConnectionHandler.process(AbstractProtocol.java:798)
	at org.apache.tomcat.util.net.NioEndpoint$SocketProcessor.doRun(NioEndpoint.java:1434)
	at org.apache.tomcat.util.net.SocketProcessorBase.run(SocketProcessorBase.java:49)
	at java.util.concurrent.ThreadPoolExecutor.runWorker(ThreadPoolExecutor.java:1149)
	at java.util.concurrent.ThreadPoolExecutor$Worker.run(ThreadPoolExecutor.java:624)
	at org.apache.tomcat.util.threads.TaskThread$WrappingRunnable.run(TaskThread.java:61)
	at java.lang.Thread.run(Thread.java:748)
2018-06-15 11:06:21,190 [http-nio-8080-exec-1] DEBUG o.s.b.w.f.OrderedRequestContextFilter 104 - Cleared thread-bound request context: org.apache.catalina.connector.RequestFacade@25a75a79
2018-06-15 11:06:21,199 [http-nio-8080-exec-1] DEBUG o.s.web.servlet.DispatcherServlet 865 - DispatcherServlet with name 'dispatcherServlet' processing GET request for [/error]
2018-06-15 11:06:21,199 [http-nio-8080-exec-1] DEBUG o.s.w.s.m.m.a.RequestMappingHandlerMapping 310 - Looking up handler method for path /error
2018-06-15 11:06:21,202 [http-nio-8080-exec-1] DEBUG o.s.w.s.m.m.a.RequestMappingHandlerMapping 317 - Returning handler method [public org.springframework.web.servlet.ModelAndView org.springframework.boot.autoconfigure.web.BasicErrorController.errorHtml(javax.servlet.http.HttpServletRequest,javax.servlet.http.HttpServletResponse)]
2018-06-15 11:06:21,202 [http-nio-8080-exec-1] DEBUG o.s.b.f.s.DefaultListableBeanFactory 251 - Returning cached instance of singleton bean 'basicErrorController'
2018-06-15 11:06:21,202 [http-nio-8080-exec-1] DEBUG o.s.web.servlet.DispatcherServlet 951 - Last-Modified value for [/error] is: -1
2018-06-15 11:06:21,212 [http-nio-8080-exec-1] DEBUG o.s.w.s.v.ContentNegotiatingViewResolver 263 - Requested media types are [text/html, text/html;q=0.8] based on Accept header types and producible media types [text/html])
2018-06-15 11:06:21,213 [http-nio-8080-exec-1] DEBUG o.s.b.f.s.DefaultListableBeanFactory 251 - Returning cached instance of singleton bean 'error'
2018-06-15 11:06:21,214 [http-nio-8080-exec-1] DEBUG o.s.b.f.s.DefaultListableBeanFactory 1670 - Invoking afterPropertiesSet() on bean with name 'error'
2018-06-15 11:06:21,214 [http-nio-8080-exec-1] DEBUG o.s.w.s.v.ContentNegotiatingViewResolver 338 - Returning [org.springframework.boot.autoconfigure.web.ErrorMvcAutoConfiguration$SpelView@4278826f] based on requested media type 'text/html'
2018-06-15 11:06:21,215 [http-nio-8080-exec-1] DEBUG o.s.web.servlet.DispatcherServlet 1276 - Rendering view [org.springframework.boot.autoconfigure.web.ErrorMvcAutoConfiguration$SpelView@4278826f] in DispatcherServlet with name 'dispatcherServlet'
2018-06-15 11:06:21,224 [http-nio-8080-exec-1] DEBUG o.s.web.servlet.DispatcherServlet 1000 - Successfully completed request
2018-06-14 11:13:37,652 [http-nio-8080-exec-3] DEBUG o.s.b.w.f.OrderedRequestContextFilter 114 - Bound request context to thread: org.apache.catalina.connector.RequestFacade@25a75a79
2018-06-14 11:13:37,652 [http-nio-8080-exec-3] DEBUG o.s.web.servlet.DispatcherServlet 865 - DispatcherServlet with name 'dispatcherServlet' processing GET request for [/hello]
2018-06-14 11:13:37,652 [http-nio-8080-exec-3] DEBUG o.s.w.s.m.m.a.RequestMappingHandlerMapping 310 - Looking up handler method for path /hello
2018-06-14 11:13:37,652 [http-nio-8080-exec-3] DEBUG o.s.w.s.m.m.a.RequestMappingHandlerMapping 317 - Returning handler method [public java.lang.String com.example.springbootdemo.HelloController.hello()]
2018-06-14 11:13:37,653 [http-nio-8080-exec-3] DEBUG o.s.b.f.s.DefaultListableBeanFactory 251 - Returning cached instance of singleton bean 'helloController'
2018-06-14 11:13:37,653 [http-nio-8080-exec-3] DEBUG o.s.web.servlet.DispatcherServlet 951 - Last-Modified value for [/hello] is: -1
2018-06-14 11:13:37,653 [http-nio-8080-exec-3] DEBUG c.e.springbootdemo.HelloController 17 - I am debug log.汉字
2018-06-14 11:13:37,653 [http-nio-8080-exec-3] INFO  c.e.springbootdemo.HelloController 18 - I am info log.汉字
2018-06-14 11:13:37,653 [http-nio-8080-exec-3] WARN  c.e.springbootdemo.HelloController 19 - I am warn log.汉字
2018-06-14 11:13:37,653 [http-nio-8080-exec-3] DEBUG o.s.w.s.m.m.a.ExceptionHandlerExceptionResolver 133 - Resolving exception from handler [public java.lang.String com.example.springbootdemo.HelloController.hello()]: java.lang.ArithmeticException: / by zero
2018-06-14 11:13:37,653 [http-nio-8080-exec-3] DEBUG o.s.w.s.m.a.ResponseStatusExceptionResolver 133 - Resolving exception from handler [public java.lang.String com.example.springbootdemo.HelloController.hello()]: java.lang.ArithmeticException: / by zero
2018-06-14 11:13:37,653 [http-nio-8080-exec-3] DEBUG o.s.w.s.m.s.DefaultHandlerExceptionResolver 133 - Resolving exception from handler [public java.lang.String com.example.springbootdemo.HelloController.hello()]: java.lang.ArithmeticException: / by zero
2018-06-14 11:13:37,654 [http-nio-8080-exec-3] DEBUG o.s.web.servlet.DispatcherServlet 993 - Could not complete request
java.lang.ArithmeticException: / by zero
	at com.example.springbootdemo.HelloController.hello(HelloController.java:22)
	at sun.reflect.NativeMethodAccessorImpl.invoke0(Native Method)
	at sun.reflect.NativeMethodAccessorImpl.invoke(NativeMethodAccessorImpl.java:62)
	at sun.reflect.DelegatingMethodAccessorImpl.invoke(DelegatingMethodAccessorImpl.java:43)
	at java.lang.reflect.Method.invoke(Method.java:498)
	at org.springframework.web.method.support.InvocableHandlerMethod.doInvoke(InvocableHandlerMethod.java:205)
	at org.springframework.web.method.support.InvocableHandlerMethod.invokeForRequest(InvocableHandlerMethod.java:133)
	at org.springframework.web.servlet.mvc.method.annotation.ServletInvocableHandlerMethod.invokeAndHandle(ServletInvocableHandlerMethod.java:116)
	at org.springframework.web.servlet.mvc.method.annotation.RequestMappingHandlerAdapter.invokeHandlerMethod(RequestMappingHandlerAdapter.java:827)
	at org.springframework.web.servlet.mvc.method.annotation.RequestMappingHandlerAdapter.handleInternal(RequestMappingHandlerAdapter.java:738)
	at org.springframework.web.servlet.mvc.method.AbstractHandlerMethodAdapter.handle(AbstractHandlerMethodAdapter.java:85)
	at org.springframework.web.servlet.DispatcherServlet.doDispatch(DispatcherServlet.java:963)
	at org.springframework.web.servlet.DispatcherServlet.doService(DispatcherServlet.java:897)
	at org.springframework.web.servlet.FrameworkServlet.processRequest(FrameworkServlet.java:970)
	at org.springframework.web.servlet.FrameworkServlet.doGet(FrameworkServlet.java:861)
	at javax.servlet.http.HttpServlet.service(HttpServlet.java:622)
	at org.springframework.web.servlet.FrameworkServlet.service(FrameworkServlet.java:846)
	at javax.servlet.http.HttpServlet.service(HttpServlet.java:729)
	at org.apache.catalina.core.ApplicationFilterChain.internalDoFilter(ApplicationFilterChain.java:230)
	at org.apache.catalina.core.ApplicationFilterChain.doFilter(ApplicationFilterChain.java:165)
	at org.apache.tomcat.websocket.server.WsFilter.doFilter(WsFilter.java:52)
	at org.apache.catalina.core.ApplicationFilterChain.internalDoFilter(ApplicationFilterChain.java:192)
	at org.apache.catalina.core.ApplicationFilterChain.doFilter(ApplicationFilterChain.java:165)
	at org.springframework.web.filter.RequestContextFilter.doFilterInternal(RequestContextFilter.java:99)
	at org.springframework.web.filter.OncePerRequestFilter.doFilter(OncePerRequestFilter.java:107)
	at org.apache.catalina.core.ApplicationFilterChain.internalDoFilter(ApplicationFilterChain.java:192)
	at org.apache.catalina.core.ApplicationFilterChain.doFilter(ApplicationFilterChain.java:165)
	at org.springframework.web.filter.HttpPutFormContentFilter.doFilterInternal(HttpPutFormContentFilter.java:105)
	at org.springframework.web.filter.OncePerRequestFilter.doFilter(OncePerRequestFilter.java:107)
	at org.apache.catalina.core.ApplicationFilterChain.internalDoFilter(ApplicationFilterChain.java:192)
	at org.apache.catalina.core.ApplicationFilterChain.doFilter(ApplicationFilterChain.java:165)
	at org.springframework.web.filter.HiddenHttpMethodFilter.doFilterInternal(HiddenHttpMethodFilter.java:81)
	at org.springframework.web.filter.OncePerRequestFilter.doFilter(OncePerRequestFilter.java:107)
	at org.apache.catalina.core.ApplicationFilterChain.internalDoFilter(ApplicationFilterChain.java:192)
	at org.apache.catalina.core.ApplicationFilterChain.doFilter(ApplicationFilterChain.java:165)
	at org.springframework.web.filter.CharacterEncodingFilter.doFilterInternal(CharacterEncodingFilter.java:197)
	at org.springframework.web.filter.OncePerRequestFilter.doFilter(OncePerRequestFilter.java:107)
	at org.apache.catalina.core.ApplicationFilterChain.internalDoFilter(ApplicationFilterChain.java:192)
	at org.apache.catalina.core.ApplicationFilterChain.doFilter(ApplicationFilterChain.java:165)
	at org.apache.catalina.core.StandardWrapperValve.invoke(StandardWrapperValve.java:198)
	at org.apache.catalina.core.StandardContextValve.invoke(StandardContextValve.java:96)
	at org.apache.catalina.authenticator.AuthenticatorBase.invoke(AuthenticatorBase.java:474)
	at org.apache.catalina.core.StandardHostValve.invoke(StandardHostValve.java:140)
	at org.apache.catalina.valves.ErrorReportValve.invoke(ErrorReportValve.java:79)
	at org.apache.catalina.core.StandardEngineValve.invoke(StandardEngineValve.java:87)
	at org.apache.catalina.connector.CoyoteAdapter.service(CoyoteAdapter.java:349)
	at org.apache.coyote.http11.Http11Processor.service(Http11Processor.java:783)
	at org.apache.coyote.AbstractProcessorLight.process(AbstractProcessorLight.java:66)
	at org.apache.coyote.AbstractProtocol$ConnectionHandler.process(AbstractProtocol.java:798)
	at org.apache.tomcat.util.net.NioEndpoint$SocketProcessor.doRun(NioEndpoint.java:1434)
	at org.apache.tomcat.util.net.SocketProcessorBase.run(SocketProcessorBase.java:49)
	at java.util.concurrent.ThreadPoolExecutor.runWorker(ThreadPoolExecutor.java:1149)
	at java.util.concurrent.ThreadPoolExecutor$Worker.run(ThreadPoolExecutor.java:624)
	at org.apache.tomcat.util.threads.TaskThread$WrappingRunnable.run(TaskThread.java:61)
	at java.lang.Thread.run(Thread.java:748)
2018-06-14 11:13:37,655 [http-nio-8080-exec-3] DEBUG o.s.b.w.f.OrderedRequestContextFilter 104 - Cleared thread-bound request context: org.apache.catalina.connector.RequestFacade@25a75a79
2018-06-14 11:13:37,656 [http-nio-8080-exec-3] DEBUG o.s.web.servlet.DispatcherServlet 865 - DispatcherServlet with name 'dispatcherServlet' processing GET request for [/error]
2018-06-14 11:13:37,656 [http-nio-8080-exec-3] DEBUG o.s.w.s.m.m.a.RequestMappingHandlerMapping 310 - Looking up handler method for path /error
2018-06-14 11:13:37,656 [http-nio-8080-exec-3] DEBUG o.s.w.s.m.m.a.RequestMappingHandlerMapping 317 - Returning handler method [public org.springframework.web.servlet.ModelAndView org.springframework.boot.autoconfigure.web.BasicErrorController.errorHtml(javax.servlet.http.HttpServletRequest,javax.servlet.http.HttpServletResponse)]
2018-06-14 11:13:37,656 [http-nio-8080-exec-3] DEBUG o.s.b.f.s.DefaultListableBeanFactory 251 - Returning cached instance of singleton bean 'basicErrorController'
2018-06-14 11:13:37,657 [http-nio-8080-exec-3] DEBUG o.s.web.servlet.DispatcherServlet 951 - Last-Modified value for [/error] is: -1
2018-06-14 11:13:37,658 [http-nio-8080-exec-3] DEBUG o.s.w.s.v.ContentNegotiatingViewResolver 263 - Requested media types are [text/html, text/html;q=0.8] based on Accept header types and producible media types [text/html])
2018-06-14 11:13:37,658 [http-nio-8080-exec-3] DEBUG o.s.b.f.s.DefaultListableBeanFactory 251 - Returning cached instance of singleton bean 'error'
2018-06-14 11:13:37,658 [http-nio-8080-exec-3] DEBUG o.s.w.s.v.ContentNegotiatingViewResolver 338 - Returning [org.springframework.boot.autoconfigure.web.ErrorMvcAutoConfiguration$SpelView@4278826f] based on requested media type 'text/html'
2018-06-14 11:13:37,658 [http-nio-8080-exec-3] DEBUG o.s.web.servlet.DispatcherServlet 1276 - Rendering view [org.springframework.boot.autoconfigure.web.ErrorMvcAutoConfiguration$SpelView@4278826f] in DispatcherServlet with name 'dispatcherServlet'
2018-06-14 11:13:37,659 [http-nio-8080-exec-3] DEBUG o.s.web.servlet.DispatcherServlet 1000 - Successfully completed request
2018-06-14 11:32:48,137 [main] INFO  c.e.s.SpringbootdemoApplication 48 - Starting SpringbootdemoApplication on DESKTOP-KUH1QM4 with PID 8056 (E:\zhaomeinan20180604\idewokspace\springbootdemo\target\classes started by jishu06 in E:\zhaomeinan20180604\idewokspace\springbootdemo)
2018-06-14 11:32:48,140 [main] INFO  c.e.s.SpringbootdemoApplication 637 - No active profile set, falling back to default profiles: default
2018-06-14 11:32:48,178 [main] INFO  o.s.b.c.e.AnnotationConfigEmbeddedWebApplicationContext 582 - Refreshing org.springframework.boot.context.embedded.AnnotationConfigEmbeddedWebApplicationContext@1838ccb8: startup date [Thu Jun 14 11:32:48 CST 2018]; root of context hierarchy
2018-06-14 11:32:48,311 [background-preinit] INFO  o.h.validator.internal.util.Version 30 - HV000001: Hibernate Validator 5.3.4.Final
2018-06-14 11:32:48,923 [main] INFO  o.s.b.c.e.t.TomcatEmbeddedServletContainer 89 - Tomcat initialized with port(s): 8080 (http)
2018-06-14 11:32:48,930 [main] INFO  o.a.catalina.core.StandardService 179 - Starting service Tomcat
2018-06-14 11:32:48,931 [main] INFO  o.a.catalina.core.StandardEngine 179 - Starting Servlet Engine: Apache Tomcat/8.5.11
2018-06-14 11:32:48,996 [localhost-startStop-1] INFO  o.a.c.c.C.[Tomcat].[localhost].[/] 179 - Initializing Spring embedded WebApplicationContext
2018-06-14 11:32:48,996 [localhost-startStop-1] INFO  o.s.web.context.ContextLoader 276 - Root WebApplicationContext: initialization completed in 818 ms
2018-06-14 11:32:49,108 [localhost-startStop-1] INFO  o.s.b.w.s.ServletRegistrationBean 190 - Mapping servlet: 'dispatcherServlet' to [/]
2018-06-14 11:32:49,112 [localhost-startStop-1] INFO  o.s.b.w.s.FilterRegistrationBean 258 - Mapping filter: 'characterEncodingFilter' to: [/*]
2018-06-14 11:32:49,112 [localhost-startStop-1] INFO  o.s.b.w.s.FilterRegistrationBean 258 - Mapping filter: 'hiddenHttpMethodFilter' to: [/*]
2018-06-14 11:32:49,112 [localhost-startStop-1] INFO  o.s.b.w.s.FilterRegistrationBean 258 - Mapping filter: 'httpPutFormContentFilter' to: [/*]
2018-06-14 11:32:49,112 [localhost-startStop-1] INFO  o.s.b.w.s.FilterRegistrationBean 258 - Mapping filter: 'requestContextFilter' to: [/*]
2018-06-14 11:32:49,316 [main] INFO  o.s.w.s.m.m.a.RequestMappingHandlerAdapter 534 - Looking for @ControllerAdvice: org.springframework.boot.context.embedded.AnnotationConfigEmbeddedWebApplicationContext@1838ccb8: startup date [Thu Jun 14 11:32:48 CST 2018]; root of context hierarchy
2018-06-14 11:32:49,356 [main] INFO  o.s.w.s.m.m.a.RequestMappingHandlerMapping 543 - Mapped "{[/hello]}" onto public java.lang.String com.example.springbootdemo.HelloController.hello()
2018-06-14 11:32:49,360 [main] INFO  o.s.w.s.m.m.a.RequestMappingHandlerMapping 543 - Mapped "{[/error]}" onto public org.springframework.http.ResponseEntity<java.util.Map<java.lang.String, java.lang.Object>> org.springframework.boot.autoconfigure.web.BasicErrorController.error(javax.servlet.http.HttpServletRequest)
2018-06-14 11:32:49,360 [main] INFO  o.s.w.s.m.m.a.RequestMappingHandlerMapping 543 - Mapped "{[/error],produces=[text/html]}" onto public org.springframework.web.servlet.ModelAndView org.springframework.boot.autoconfigure.web.BasicErrorController.errorHtml(javax.servlet.http.HttpServletRequest,javax.servlet.http.HttpServletResponse)
2018-06-14 11:32:49,387 [main] INFO  o.s.w.s.h.SimpleUrlHandlerMapping 362 - Mapped URL path [/webjars/**] onto handler of type [class org.springframework.web.servlet.resource.ResourceHttpRequestHandler]
2018-06-14 11:32:49,388 [main] INFO  o.s.w.s.h.SimpleUrlHandlerMapping 362 - Mapped URL path [/**] onto handler of type [class org.springframework.web.servlet.resource.ResourceHttpRequestHandler]
2018-06-14 11:32:49,415 [main] INFO  o.s.w.s.h.SimpleUrlHandlerMapping 362 - Mapped URL path [/**/favicon.ico] onto handler of type [class org.springframework.web.servlet.resource.ResourceHttpRequestHandler]
2018-06-14 11:32:49,584 [main] INFO  o.s.j.e.a.AnnotationMBeanExporter 431 - Registering beans for JMX exposure on startup
2018-06-14 11:32:49,596 [main] INFO  o.a.coyote.http11.Http11NioProtocol 179 - Initializing ProtocolHandler ["http-nio-8080"]
2018-06-14 11:32:49,602 [main] INFO  o.a.coyote.http11.Http11NioProtocol 179 - Starting ProtocolHandler [http-nio-8080]
2018-06-14 11:32:49,612 [main] INFO  o.a.tomcat.util.net.NioSelectorPool 179 - Using a shared selector for servlet write/read
2018-06-14 11:32:49,624 [main] INFO  o.s.b.c.e.t.TomcatEmbeddedServletContainer 198 - Tomcat started on port(s): 8080 (http)
2018-06-14 11:32:49,627 [main] INFO  c.e.s.SpringbootdemoApplication 57 - Started SpringbootdemoApplication in 1.944 seconds (JVM running for 2.543)
2018-06-14 11:33:05,268 [http-nio-8080-exec-1] INFO  o.a.c.c.C.[Tomcat].[localhost].[/] 179 - Initializing Spring FrameworkServlet 'dispatcherServlet'
2018-06-14 11:33:05,268 [http-nio-8080-exec-1] INFO  o.s.web.servlet.DispatcherServlet 489 - FrameworkServlet 'dispatcherServlet': initialization started
2018-06-14 11:33:05,282 [http-nio-8080-exec-1] INFO  o.s.web.servlet.DispatcherServlet 508 - FrameworkServlet 'dispatcherServlet': initialization completed in 14 ms
2018-06-14 11:33:05,298 [http-nio-8080-exec-1] INFO  c.e.springbootdemo.HelloController 18 - I am info log.汉字
2018-06-14 11:33:05,299 [http-nio-8080-exec-1] WARN  c.e.springbootdemo.HelloController 19 - I am warn log.汉字
2018-06-14 11:34:29,584 [main] INFO  c.e.s.SpringbootdemoApplication 48 - Starting SpringbootdemoApplication on DESKTOP-KUH1QM4 with PID 5960 (E:\zhaomeinan20180604\idewokspace\springbootdemo\target\classes started by jishu06 in E:\zhaomeinan20180604\idewokspace\springbootdemo)
2018-06-14 11:34:29,586 [main] INFO  c.e.s.SpringbootdemoApplication 637 - No active profile set, falling back to default profiles: default
2018-06-14 11:34:29,620 [main] INFO  o.s.b.c.e.AnnotationConfigEmbeddedWebApplicationContext 582 - Refreshing org.springframework.boot.context.embedded.AnnotationConfigEmbeddedWebApplicationContext@1838ccb8: startup date [Thu Jun 14 11:34:29 CST 2018]; root of context hierarchy
2018-06-14 11:34:29,918 [background-preinit] INFO  o.h.validator.internal.util.Version 30 - HV000001: Hibernate Validator 5.3.4.Final
2018-06-14 11:34:30,554 [main] INFO  o.s.b.c.e.t.TomcatEmbeddedServletContainer 89 - Tomcat initialized with port(s): 8080 (http)
2018-06-14 11:34:30,560 [main] INFO  o.a.catalina.core.StandardService 179 - Starting service Tomcat
2018-06-14 11:34:30,561 [main] INFO  o.a.catalina.core.StandardEngine 179 - Starting Servlet Engine: Apache Tomcat/8.5.11
2018-06-14 11:34:30,616 [localhost-startStop-1] INFO  o.a.c.c.C.[Tomcat].[localhost].[/] 179 - Initializing Spring embedded WebApplicationContext
2018-06-14 11:34:30,617 [localhost-startStop-1] INFO  o.s.web.context.ContextLoader 276 - Root WebApplicationContext: initialization completed in 997 ms
2018-06-14 11:34:30,723 [localhost-startStop-1] INFO  o.s.b.w.s.ServletRegistrationBean 190 - Mapping servlet: 'dispatcherServlet' to [/]
2018-06-14 11:34:30,734 [localhost-startStop-1] INFO  o.s.b.w.s.FilterRegistrationBean 258 - Mapping filter: 'characterEncodingFilter' to: [/*]
2018-06-14 11:34:30,734 [localhost-startStop-1] INFO  o.s.b.w.s.FilterRegistrationBean 258 - Mapping filter: 'hiddenHttpMethodFilter' to: [/*]
2018-06-14 11:34:30,734 [localhost-startStop-1] INFO  o.s.b.w.s.FilterRegistrationBean 258 - Mapping filter: 'httpPutFormContentFilter' to: [/*]
2018-06-14 11:34:30,734 [localhost-startStop-1] INFO  o.s.b.w.s.FilterRegistrationBean 258 - Mapping filter: 'requestContextFilter' to: [/*]
2018-06-14 11:34:30,931 [main] INFO  o.s.w.s.m.m.a.RequestMappingHandlerAdapter 534 - Looking for @ControllerAdvice: org.springframework.boot.context.embedded.AnnotationConfigEmbeddedWebApplicationContext@1838ccb8: startup date [Thu Jun 14 11:34:29 CST 2018]; root of context hierarchy
2018-06-14 11:34:30,969 [main] INFO  o.s.w.s.m.m.a.RequestMappingHandlerMapping 543 - Mapped "{[/hello]}" onto public java.lang.String com.example.springbootdemo.HelloController.hello()
2018-06-14 11:34:30,973 [main] INFO  o.s.w.s.m.m.a.RequestMappingHandlerMapping 543 - Mapped "{[/error]}" onto public org.springframework.http.ResponseEntity<java.util.Map<java.lang.String, java.lang.Object>> org.springframework.boot.autoconfigure.web.BasicErrorController.error(javax.servlet.http.HttpServletRequest)
2018-06-14 11:34:30,973 [main] INFO  o.s.w.s.m.m.a.RequestMappingHandlerMapping 543 - Mapped "{[/error],produces=[text/html]}" onto public org.springframework.web.servlet.ModelAndView org.springframework.boot.autoconfigure.web.BasicErrorController.errorHtml(javax.servlet.http.HttpServletRequest,javax.servlet.http.HttpServletResponse)
2018-06-14 11:34:30,999 [main] INFO  o.s.w.s.h.SimpleUrlHandlerMapping 362 - Mapped URL path [/webjars/**] onto handler of type [class org.springframework.web.servlet.resource.ResourceHttpRequestHandler]
2018-06-14 11:34:30,999 [main] INFO  o.s.w.s.h.SimpleUrlHandlerMapping 362 - Mapped URL path [/**] onto handler of type [class org.springframework.web.servlet.resource.ResourceHttpRequestHandler]
2018-06-14 11:34:31,025 [main] INFO  o.s.w.s.h.SimpleUrlHandlerMapping 362 - Mapped URL path [/**/favicon.ico] onto handler of type [class org.springframework.web.servlet.resource.ResourceHttpRequestHandler]
2018-06-14 11:34:31,174 [main] INFO  o.s.j.e.a.AnnotationMBeanExporter 431 - Registering beans for JMX exposure on startup
2018-06-14 11:34:31,184 [main] INFO  o.a.coyote.http11.Http11NioProtocol 179 - Initializing ProtocolHandler ["http-nio-8080"]
2018-06-14 11:34:31,190 [main] INFO  o.a.coyote.http11.Http11NioProtocol 179 - Starting ProtocolHandler [http-nio-8080]
2018-06-14 11:34:31,199 [main] INFO  o.a.tomcat.util.net.NioSelectorPool 179 - Using a shared selector for servlet write/read
2018-06-14 11:34:31,212 [main] INFO  o.s.b.c.e.t.TomcatEmbeddedServletContainer 198 - Tomcat started on port(s): 8080 (http)
2018-06-14 11:34:31,215 [main] INFO  c.e.s.SpringbootdemoApplication 57 - Started SpringbootdemoApplication in 1.986 seconds (JVM running for 2.587)
2018-06-14 11:34:42,854 [http-nio-8080-exec-1] INFO  o.a.c.c.C.[Tomcat].[localhost].[/] 179 - Initializing Spring FrameworkServlet 'dispatcherServlet'
2018-06-14 11:34:42,854 [http-nio-8080-exec-1] INFO  o.s.web.servlet.DispatcherServlet 489 - FrameworkServlet 'dispatcherServlet': initialization started
2018-06-14 11:34:42,869 [http-nio-8080-exec-1] INFO  o.s.web.servlet.DispatcherServlet 508 - FrameworkServlet 'dispatcherServlet': initialization completed in 15 ms
2018-06-14 11:34:42,885 [http-nio-8080-exec-1] INFO  c.e.springbootdemo.HelloController 18 - I am info log.汉字
2018-06-14 11:34:42,886 [http-nio-8080-exec-1] WARN  c.e.springbootdemo.HelloController 19 - I am warn log.汉字
2018-06-14 11:35:22,093 [http-nio-8080-exec-3] INFO  c.e.springbootdemo.HelloController 18 - I am info log.汉字
2018-06-14 11:35:22,094 [http-nio-8080-exec-3] WARN  c.e.springbootdemo.HelloController 19 - I am warn log.汉字
2018-06-14 11:35:31,611 [http-nio-8080-exec-4] INFO  c.e.springbootdemo.HelloController 18 - I am info log.汉字
2018-06-14 11:35:31,611 [http-nio-8080-exec-4] WARN  c.e.springbootdemo.HelloController 19 - I am warn log.汉字
2018-06-14 11:35:31,930 [http-nio-8080-exec-5] INFO  c.e.springbootdemo.HelloController 18 - I am info log.汉字
2018-06-14 11:35:31,930 [http-nio-8080-exec-5] WARN  c.e.springbootdemo.HelloController 19 - I am warn log.汉字
2018-06-14 11:35:32,244 [http-nio-8080-exec-6] INFO  c.e.springbootdemo.HelloController 18 - I am info log.汉字
2018-06-14 11:35:32,244 [http-nio-8080-exec-6] WARN  c.e.springbootdemo.HelloController 19 - I am warn log.汉字
2018-06-14 11:35:32,666 [http-nio-8080-exec-7] INFO  c.e.springbootdemo.HelloController 18 - I am info log.汉字
2018-06-14 11:35:32,667 [http-nio-8080-exec-7] WARN  c.e.springbootdemo.HelloController 19 - I am warn log.汉字
2018-06-14 11:35:32,987 [http-nio-8080-exec-8] INFO  c.e.springbootdemo.HelloController 18 - I am info log.汉字
2018-06-14 11:35:32,987 [http-nio-8080-exec-8] WARN  c.e.springbootdemo.HelloController 19 - I am warn log.汉字
2018-06-14 11:51:35,822 [main] INFO  o.s.b.c.e.AnnotationConfigEmbeddedWebApplicationContext 582 - Refreshing org.springframework.boot.context.embedded.AnnotationConfigEmbeddedWebApplicationContext@6c2ed0cd: startup date [Thu Jun 14 11:51:35 CST 2018]; root of context hierarchy
2018-06-14 11:51:36,012 [background-preinit] INFO  o.h.validator.internal.util.Version 30 - HV000001: Hibernate Validator 5.3.4.Final
2018-06-14 11:51:36,588 [main] INFO  o.s.b.c.e.t.TomcatEmbeddedServletContainer 89 - Tomcat initialized with port(s): 8080 (http)
2018-06-14 11:51:36,594 [main] INFO  o.a.catalina.core.StandardService 179 - Starting service Tomcat
2018-06-14 11:51:36,595 [main] INFO  o.a.catalina.core.StandardEngine 179 - Starting Servlet Engine: Apache Tomcat/8.5.11
2018-06-14 11:51:36,650 [localhost-startStop-1] INFO  o.a.c.c.C.[Tomcat].[localhost].[/] 179 - Initializing Spring embedded WebApplicationContext
2018-06-14 11:51:36,651 [localhost-startStop-1] INFO  o.s.web.context.ContextLoader 276 - Root WebApplicationContext: initialization completed in 830 ms
2018-06-14 11:51:36,751 [localhost-startStop-1] INFO  o.s.b.w.s.ServletRegistrationBean 190 - Mapping servlet: 'dispatcherServlet' to [/]
2018-06-14 11:51:36,761 [localhost-startStop-1] INFO  o.s.b.w.s.FilterRegistrationBean 258 - Mapping filter: 'characterEncodingFilter' to: [/*]
2018-06-14 11:51:36,762 [localhost-startStop-1] INFO  o.s.b.w.s.FilterRegistrationBean 258 - Mapping filter: 'hiddenHttpMethodFilter' to: [/*]
2018-06-14 11:51:36,762 [localhost-startStop-1] INFO  o.s.b.w.s.FilterRegistrationBean 258 - Mapping filter: 'httpPutFormContentFilter' to: [/*]
2018-06-14 11:51:36,762 [localhost-startStop-1] INFO  o.s.b.w.s.FilterRegistrationBean 258 - Mapping filter: 'requestContextFilter' to: [/*]
2018-06-14 11:51:36,958 [main] INFO  o.s.w.s.m.m.a.RequestMappingHandlerAdapter 534 - Looking for @ControllerAdvice: org.springframework.boot.context.embedded.AnnotationConfigEmbeddedWebApplicationContext@6c2ed0cd: startup date [Thu Jun 14 11:51:35 CST 2018]; root of context hierarchy
2018-06-14 11:51:36,997 [main] INFO  o.s.w.s.m.m.a.RequestMappingHandlerMapping 543 - Mapped "{[/hello]}" onto public java.lang.String com.example.springbootdemo.HelloController.hello()
2018-06-14 11:51:37,000 [main] INFO  o.s.w.s.m.m.a.RequestMappingHandlerMapping 543 - Mapped "{[/error]}" onto public org.springframework.http.ResponseEntity<java.util.Map<java.lang.String, java.lang.Object>> org.springframework.boot.autoconfigure.web.BasicErrorController.error(javax.servlet.http.HttpServletRequest)
2018-06-14 11:51:37,001 [main] INFO  o.s.w.s.m.m.a.RequestMappingHandlerMapping 543 - Mapped "{[/error],produces=[text/html]}" onto public org.springframework.web.servlet.ModelAndView org.springframework.boot.autoconfigure.web.BasicErrorController.errorHtml(javax.servlet.http.HttpServletRequest,javax.servlet.http.HttpServletResponse)
2018-06-14 11:51:37,025 [main] INFO  o.s.w.s.h.SimpleUrlHandlerMapping 362 - Mapped URL path [/webjars/**] onto handler of type [class org.springframework.web.servlet.resource.ResourceHttpRequestHandler]
2018-06-14 11:51:37,025 [main] INFO  o.s.w.s.h.SimpleUrlHandlerMapping 362 - Mapped URL path [/**] onto handler of type [class org.springframework.web.servlet.resource.ResourceHttpRequestHandler]
2018-06-14 11:51:37,052 [main] INFO  o.s.w.s.h.SimpleUrlHandlerMapping 362 - Mapped URL path [/**/favicon.ico] onto handler of type [class org.springframework.web.servlet.resource.ResourceHttpRequestHandler]
2018-06-14 11:51:37,205 [main] INFO  o.s.j.e.a.AnnotationMBeanExporter 431 - Registering beans for JMX exposure on startup
2018-06-14 11:51:37,216 [main] INFO  o.a.coyote.http11.Http11NioProtocol 179 - Initializing ProtocolHandler ["http-nio-8080"]
2018-06-14 11:51:37,222 [main] INFO  o.a.coyote.http11.Http11NioProtocol 179 - Starting ProtocolHandler [http-nio-8080]
2018-06-14 11:51:37,233 [main] INFO  o.a.tomcat.util.net.NioSelectorPool 179 - Using a shared selector for servlet write/read
2018-06-14 11:51:37,244 [main] INFO  o.s.b.c.e.t.TomcatEmbeddedServletContainer 198 - Tomcat started on port(s): 8080 (http)
